
== EXPERIMENT SETUP START ===========
Task type            : regression
Dataset              : /home/pl61/density-regression/deep-symbolic-optimization/dso/data/N(0,1).csv
Starting seed        : 0
Runs                 : 1
== EXPERIMENT SETUP END =============

== TRAINING SEED 0 START ============
-- BUILDING PRIOR START -------------
WARNING: Skipping invalid 'RelationalConstraint' with arguments {'targets': [], 'effectors': [], 'relationship': None}. Reason: Prior disabled.
WARNING: Skipping invalid 'RepeatConstraint' with arguments {'tokens': 'const', 'min_': None, 'max_': 3}. Reason: Uses Tokens not in the Library.
WARNING: Skipping invalid 'TrigConstraint' with arguments {}. Reason: There are no target Tokens.
WARNING: Skipping invalid 'ConstConstraint' with arguments {}. Reason: Uses Tokens not in the Library.
WARNING: Skipping invalid 'NoInputsConstraint' with arguments {}. Reason: All terminal tokens are input variables, so allsequences will have an input variable.
WARNING: Skipping invalid 'DomainRangeConstraint' with arguments {}. Reason: Prior disabled.
WARNING: Skipping invalid 'LanguageModelPrior' with arguments {'weight': None}. Reason: Prior disabled.
WARNING: Skipping invalid 'MultiDiscreteConstraint' with arguments {'dense': False, 'ordered': False}. Reason: Prior disabled.
LengthConstraint: Sequences have minimum length 4.
                  Sequences have maximum length 64.
RelationalConstraint: [exp] cannot be a child of [log].
InverseUnaryConstraint: RelationalConstraint: [log] cannot be a child of [exp].
UniformArityPrior: Activated.
SoftLengthPrior: No description available.
-- BUILDING PRIOR END ---------------

-- RUNNING ITERATIONS START -------------
exp(exp(x1 - exp(2) + 1)/x1)
-x1 + (1 - x1)*exp(exp(x1))
exp(E)
x1*(x1 + exp(exp(2*x1)) - E)
exp(x1) - exp(exp(x1 + x1*exp(-x1)))
x1**3 - exp(exp(2*x1))
x1
x1 + exp(x1)
-x1 + x1*exp(-x1) + exp(2*x1**2)
1 - log(log(exp(x1) + exp(x1**2)))
log(log(exp(2*x1**2)))
-x1 + x1/(x1 + exp(x1))
exp(x1/(x1 - (x1 + exp(x1))*exp(-x1)/x1))
x1 - x1*exp(-x1**2)/(1 - x1)
log(-x1 + exp(x1))
exp(exp(exp(x1*exp(-2*x1*exp(x1)))))
exp(x1)
log(-x1 + (x1 + x1*exp(E))/x1)/x1
exp(x1*exp(-x1 - exp(exp(x1)/(exp(x1) + 1))))
-x1/2
x1*exp(x1) + exp(x1)
(x1 + exp(exp(-x1)))*exp(2*x1)
2*x1*exp(exp(x1)) - 1/x1
0
-exp(-x1)/x1
exp(x1*(-2*x1 + log(x1 + exp(2*x1**2))/x1) + x1)
exp(x1**2)
x1 + exp(exp(-2*x1*exp(x1)))
x1 + exp(x1)/(x1 + exp(x1**2*exp(-x1) + x1))
x1 + exp(x1 + exp(x1))
x1**3*(-x1 + exp(x1) + exp(exp(x1)))
x1*exp(-1)
x1*(x1*exp(x1) - 1/x1)*exp(x1)
2*x1 + exp(exp(x1))/(x1 + 1/x1)
x1 + exp(x1*log(-x1 + 2*exp(x1)) + x1)
-2*x1**2*exp(x1)
log(log(exp(x1) + exp(exp(x1))))
exp(x1*(2*x1 + 1))
x1*(x1 + exp(x1))*exp(exp(x1*exp(-x1)))
exp(x1 + 1)
exp(-x1*log(x1/(x1 + exp(x1)/x1)) + x1)
exp(2)
x1 + exp(x1)*exp(-exp(x1))
x1*(-2*x1*exp(x1*exp(x1 - 1)) + exp(x1))
-x1 + x1*exp(-x1) + exp(x1**2)
-x1 + exp(2*x1)
x1 - exp(2*exp(x1))
exp(x1) - exp(exp(-2*x1 + x1*exp(-x1)))
-x1*exp(x1) + x1
E*exp(x1)
-x1*log(x1**2) + x1
exp(x1/(x1 + exp(-x1 + exp(x1))))
x1 - exp(exp(x1)) + 1
exp(exp(x1 - 1))
exp(-x1)*exp(x1 - exp(x1))
x1 - exp(x1)/log(exp(x1))
exp(3*x1)
x1*exp(exp(x1))
exp(2*x1*exp(x1))
x1 + (1/2 - x1)/x1
(-x1 + log(-x1 + exp(x1)))*(x1 + x1*exp(-exp(x1)))
-x1*(x1 + exp(x1)) + x1
exp(x1)
2*x1*exp(x1) + 3*x1 + 2*exp(x1)
log(exp(-x1*(-x1 + log(x1**2))))
-x1*(1 - x1) - 2*x1 + 1
(x1*exp(-x1**2 + 2*x1) - x1)/x1
exp(x1**2) + log(x1**2*exp(x1) + exp(x1))
x1 + exp(x1)
E
0
exp(exp(-x1 + exp(-x1*(2*x1 + exp(x1)) - x1 + exp(x1))))
2*x1**3*exp(-x1)
exp(x1/(x1 + log(-x1 + exp(-x1**2 + 2*x1 + exp(x1)))))
exp(x1) - E*exp(x1*exp(x1))/x1
x1*(x1*(x1 + exp(x1) + E) - x1)
x1**3/(x1 + log(exp(x1))) - x1
log(exp(2*x1**2) + E)
(1 + exp(1/2))/x1
x1 - exp(x1)
x1*(-2*x1 + exp(exp(x1)) - exp(4))
exp(x1) - exp(x1 + (x1**2 + x1)*exp(x1))
x1**2 - x1 - 1
-2*x1
x1*(x1**2*exp(x1) - 2*x1 - 2*exp(x1))
exp(x1*(-2*x1 + exp(x1*exp(-1))))
exp(exp(x1) + 1)
(-exp(x1) + exp(-1))/x1
exp(x1**2 + x1)
log(1 + (x1 + exp(2*x1**3))/x1**2)
exp(x1)*exp(2*exp(x1))
-x1
E
